Release 14.5 - ngc2edif P.58f (nt64)
Copyright (c) 1995-2012 Xilinx, Inc.  All rights reserved.
Reading design Rs232_RxTx.ngc ...
WARNING:NetListWriters:298 - No output is written to Rs232_RxTx.xncf, ignored.
Processing design ...
   Preping design's networks ...
   Preping design's macros ...
  finished :Prep
Writing EDIF netlist file Rs232_RxTx.edif ...
ngc2edif: Total memory usage is 79316 kilobytes

Release 14.5 - ngc2edif P.58f (nt64)
Copyright (c) 1995-2012 Xilinx, Inc.  All rights reserved.
Reading design Rs232_RxTx.ngc ...
WARNING:NetListWriters:298 - No output is written to Rs232_RxTx.xncf, ignored.
Processing design ...
   Preping design's networks ...
   Preping design's macros ...
  finished :Prep
Writing EDIF netlist file Rs232_RxTx.edif ...
ngc2edif: Total memory usage is 79572 kilobytes

Release 14.5 - ngc2edif P.58f (nt64)
Copyright (c) 1995-2012 Xilinx, Inc.  All rights reserved.
Reading design Rs232_RxTx.ngc ...
WARNING:NetListWriters:298 - No output is written to Rs232_RxTx.xncf, ignored.
Processing design ...
   Preping design's networks ...
   Preping design's macros ...
  finished :Prep
Writing EDIF netlist file Rs232_RxTx.edif ...
ngc2edif: Total memory usage is 79188 kilobytes

Release 14.5 - ngc2edif P.58f (nt64)
Copyright (c) 1995-2012 Xilinx, Inc.  All rights reserved.
Reading design Rs232_RxTx.ngc ...
WARNING:NetListWriters:298 - No output is written to Rs232_RxTx.xncf, ignored.
Processing design ...
   Preping design's networks ...
   Preping design's macros ...
  finished :Prep
Writing EDIF netlist file Rs232_RxTx.edif ...
ngc2edif: Total memory usage is 79508 kilobytes

